<?xml version="1.0" encoding="UTF-8"?>
<!-- Generated by org.testng.reporters.JUnitReportReporter -->
<testsuite hostname="LP-HBT10Z2" failures="0" tests="1" name="WebDriver.Upload" time="18.943" errors="0" timestamp="2022-12-13T17:10:11 IST" skipped="0">
  <testcase classname="WebDriver.Upload" name="upload" time="18.943"/>
  <system-out/>
</testsuite> <!-- WebDriver.Upload -->
