<?xml version="1.0" encoding="UTF-8"?>
<!-- Generated by org.testng.reporters.JUnitReportReporter -->
<testsuite hostname="LP-HBT10Z2" failures="0" tests="1" name="WebDriver.ScreenShot" time="38.294" errors="0" timestamp="2022-12-13T13:30:37 IST" skipped="0">
  <testcase classname="WebDriver.ScreenShot" name="f" time="38.294"/>
  <system-out/>
</testsuite> <!-- WebDriver.ScreenShot -->
