<?xml version="1.0" encoding="UTF-8"?>
<!-- Generated by org.testng.reporters.JUnitReportReporter -->
<testsuite hostname="LP-HBT10Z2" failures="0" tests="1" name="WebDriver.Waits1" time="23.398" errors="0" timestamp="2022-12-13T15:58:29 IST" skipped="0">
  <testcase classname="WebDriver.Waits1" name="f" time="23.398"/>
  <system-out/>
</testsuite> <!-- WebDriver.Waits1 -->
